<?xml version="1.0" encoding="utf-8"?><testsuites><testsuite name="report" errors="0" failures="0" skipped="0" tests="11" time="91.211" timestamp="2025-01-26T20:51:29.482713+03:00" hostname="DESKTOP-6HD43NJ"><testcase classname="tests.test_news.TestNewsPage" name="test_search_news" time="9.836" /><testcase classname="tests.test_news.TestNewsPage" name="test_sort_by_tabs" time="8.269" /><testcase classname="tests.test_tenders.TestTendersPage" name="test_input_notice" time="9.784" /><testcase classname="tests.test_tenders.TestTendersPage" name="test_check_filter_region" time="3.926" /><testcase classname="tests.test_tenders.TestTendersPage" name="test_check_sort_filter" time="2.311" /><testcase classname="tests.test_tenders.TestTendersPage" name="test_check_purchase" time="9.474" /><testcase classname="tests.test_tenders.TestTendersPage" name="test_price_input" time="4.770" /><testcase classname="tests.test_tenders.TestTendersPage" name="test_search_organization" time="4.361" /><testcase classname="tests.test_tenders.TestTendersPage" name="test_method_of_purchase" time="5.503" /><testcase classname="tests.test_tenders.TestTendersPage" name="test_filter_tenders" time="15.954" /><testcase classname="tests.test_tenders.TestTendersPage" name="test_save_query" time="16.966" /></testsuite></testsuites>