<?xml version="1.0" encoding="utf-8"?><testsuites><testsuite name="report" errors="0" failures="0" skipped="0" tests="5" time="34.358" timestamp="2025-01-26T17:53:58.958457+03:00" hostname="DESKTOP-6HD43NJ"><testcase classname="tests.test_news.TestNewsPage" name="test_search_news" time="9.119" /><testcase classname="tests.test_news.TestNewsPage" name="test_sort_by_tabs" time="8.370" /><testcase classname="tests.test_tenders.TestTendersPage" name="test_input_notice" time="9.458" /><testcase classname="tests.test_tenders.TestTendersPage" name="test_check_filter_region" time="3.845" /><testcase classname="tests.test_tenders.TestTendersPage" name="test_check_sort_filter" time="3.518" /></testsuite></testsuites>